# JRE version: Java(TM) SE Runtime Environment 18.9 (11.0.10+8) (build 11.0.10+8-LTS-162)
# Java VM: Java HotSpot(TM) 64-Bit Server VM 18.9 (11.0.10+8-LTS-162, mixed mode, tiered, compressed oops, g1 gc, windows-amd64)
Heap:
 garbage-first heap   total 131072K, used 14070K [0x0000000081c00000, 0x0000000100000000)
  region size 1024K, 5 young (5120K), 5 survivors (5120K)
 Metaspace       used 29953K, capacity 31025K, committed 31104K, reserved 1085440K
  class space    used 3738K, capacity 4197K, committed 4224K, reserved 1048576K
GC Heap History (10 events):
Event: 2.110 GC heap before
{Heap before GC invocations=1 (full 0):
 garbage-first heap   total 131072K, used 25942K [0x0000000081c00000, 0x0000000100000000)
  region size 1024K, 21 young (21504K), 3 survivors (3072K)
 Metaspace       used 18820K, capacity 19511K, committed 19712K, reserved 1067008K
  class space    used 2198K, capacity 2471K, committed 2560K, reserved 1048576K
}
Event: 2.117 GC heap after
{Heap after GC invocations=2 (full 0):
 garbage-first heap   total 131072K, used 9204K [0x0000000081c00000, 0x0000000100000000)
  region size 1024K, 2 young (2048K), 2 survivors (2048K)
 Metaspace       used 18820K, capacity 19511K, committed 19712K, reserved 1067008K
  class space    used 2198K, capacity 2471K, committed 2560K, reserved 1048576K
}
Event: 2.191 GC heap before
{Heap before GC invocations=2 (full 0):
 garbage-first heap   total 131072K, used 16372K [0x0000000081c00000, 0x0000000100000000)
  region size 1024K, 11 young (11264K), 2 survivors (2048K)
 Metaspace       used 20472K, capacity 21238K, committed 21296K, reserved 1069056K
  class space    used 2392K, capacity 2688K, committed 2688K, reserved 1048576K
}
Event: 2.194 GC heap after
{Heap after GC invocations=3 (full 0):
 garbage-first heap   total 131072K, used 9659K [0x0000000081c00000, 0x0000000100000000)
  region size 1024K, 2 young (2048K), 2 survivors (2048K)
 Metaspace       used 20472K, capacity 21238K, committed 21296K, reserved 1069056K
  class space    used 2392K, capacity 2688K, committed 2688K, reserved 1048576K
}
Event: 2.711 GC heap before
{Heap before GC invocations=4 (full 0):
 garbage-first heap   total 131072K, used 62907K [0x0000000081c00000, 0x0000000100000000)
  region size 1024K, 55 young (56320K), 2 survivors (2048K)
 Metaspace       used 24275K, capacity 25113K, committed 25344K, reserved 1071104K
  class space    used 2896K, capacity 3239K, committed 3328K, reserved 1048576K
}
Event: 2.717 GC heap after
{Heap after GC invocations=5 (full 0):
 garbage-first heap   total 131072K, used 10817K [0x0000000081c00000, 0x0000000100000000)
  region size 1024K, 3 young (3072K), 3 survivors (3072K)
 Metaspace       used 24275K, capacity 25113K, committed 25344K, reserved 1071104K
  class space    used 2896K, capacity 3239K, committed 3328K, reserved 1048576K
}
Event: 3.933 GC heap before
{Heap before GC invocations=5 (full 0):
 garbage-first heap   total 131072K, used 73281K [0x0000000081c00000, 0x0000000100000000)
  region size 1024K, 65 young (66560K), 3 survivors (3072K)
 Metaspace       used 29197K, capacity 30273K, committed 30464K, reserved 1075200K
  class space    used 3609K, capacity 4061K, committed 4096K, reserved 1048576K
}
Event: 3.948 GC heap after
{Heap after GC invocations=6 (full 0):
 garbage-first heap   total 131072K, used 13216K [0x0000000081c00000, 0x0000000100000000)
  region size 1024K, 6 young (6144K), 6 survivors (6144K)
 Metaspace       used 29197K, capacity 30273K, committed 30464K, reserved 1075200K
  class space    used 3609K, capacity 4061K, committed 4096K, reserved 1048576K
}
Event: 4.121 GC heap before
{Heap before GC invocations=6 (full 0):
 garbage-first heap   total 131072K, used 21408K [0x0000000081c00000, 0x0000000100000000)
  region size 1024K, 15 young (15360K), 6 survivors (6144K)
 Metaspace       used 29953K, capacity 31025K, committed 31104K, reserved 1083392K
  class space    used 3738K, capacity 4197K, committed 4224K, reserved 1048576K
}
Event: 4.134 GC heap after
{Heap after GC invocations=7 (full 0):
 garbage-first heap   total 131072K, used 14070K [0x0000000081c00000, 0x0000000100000000)
  region size 1024K, 5 young (5120K), 5 survivors (5120K)
 Metaspace       used 29953K, capacity 31025K, committed 31104K, reserved 1083392K
  class space    used 3738K, capacity 4197K, committed 4224K, reserved 1048576K
}

