# JRE version: Java(TM) SE Runtime Environment 18.9 (11.0.10+8) (build 11.0.10+8-LTS-162)
# Java VM: Java HotSpot(TM) 64-Bit Server VM 18.9 (11.0.10+8-LTS-162, mixed mode, tiered, compressed oops, g1 gc, windows-amd64)
Heap:
 garbage-first heap   total 189440K, used 24918K [0x0000000081c00000, 0x0000000100000000)
  region size 1024K, 7 young (7168K), 7 survivors (7168K)
 Metaspace       used 58700K, capacity 60504K, committed 60572K, reserved 1101824K
  class space    used 7705K, capacity 8425K, committed 8472K, reserved 1048576K
GC Heap History (10 events):
Event: 3.782 GC heap after
{Heap after GC invocations=6 (full 0):
 garbage-first heap   total 131072K, used 13821K [0x0000000081c00000, 0x0000000100000000)
  region size 1024K, 6 young (6144K), 6 survivors (6144K)
 Metaspace       used 29770K, capacity 30848K, committed 31100K, reserved 1077248K
  class space    used 3706K, capacity 4186K, committed 4300K, reserved 1048576K
}
Event: 4.405 GC heap before
{Heap before GC invocations=6 (full 0):
 garbage-first heap   total 131072K, used 84477K [0x0000000081c00000, 0x0000000100000000)
  region size 1024K, 76 young (77824K), 6 survivors (6144K)
 Metaspace       used 33953K, capacity 35348K, committed 35452K, reserved 1079296K
  class space    used 4257K, capacity 4808K, committed 4812K, reserved 1048576K
}
Event: 4.416 GC heap after
{Heap after GC invocations=7 (full 0):
 garbage-first heap   total 157696K, used 16099K [0x0000000081c00000, 0x0000000100000000)
  region size 1024K, 8 young (8192K), 8 survivors (8192K)
 Metaspace       used 33953K, capacity 35348K, committed 35452K, reserved 1079296K
  class space    used 4257K, capacity 4808K, committed 4812K, reserved 1048576K
}
Event: 4.490 GC heap before
{Heap before GC invocations=7 (full 0):
 garbage-first heap   total 157696K, used 20195K [0x0000000081c00000, 0x0000000100000000)
  region size 1024K, 13 young (13312K), 8 survivors (8192K)
 Metaspace       used 34652K, capacity 35986K, committed 36048K, reserved 1081344K
  class space    used 4368K, capacity 4914K, committed 4940K, reserved 1048576K
}
Event: 4.497 GC heap after
{Heap after GC invocations=8 (full 0):
 garbage-first heap   total 157696K, used 16536K [0x0000000081c00000, 0x0000000100000000)
  region size 1024K, 6 young (6144K), 6 survivors (6144K)
 Metaspace       used 34652K, capacity 35986K, committed 36048K, reserved 1081344K
  class space    used 4368K, capacity 4914K, committed 4940K, reserved 1048576K
}
Event: 5.642 GC heap before
{Heap before GC invocations=9 (full 0):
 garbage-first heap   total 157696K, used 101528K [0x0000000081c00000, 0x0000000100000000)
  region size 1024K, 89 young (91136K), 6 survivors (6144K)
 Metaspace       used 47700K, capacity 49141K, committed 49308K, reserved 1091584K
  class space    used 6237K, capacity 6799K, committed 6936K, reserved 1048576K
}
Event: 5.649 GC heap after
{Heap after GC invocations=10 (full 0):
 garbage-first heap   total 157696K, used 19314K [0x0000000081c00000, 0x0000000100000000)
  region size 1024K, 9 young (9216K), 9 survivors (9216K)
 Metaspace       used 47700K, capacity 49141K, committed 49308K, reserved 1091584K
  class space    used 6237K, capacity 6799K, committed 6936K, reserved 1048576K
}
Event: 6.562 GC heap before
{Heap before GC invocations=10 (full 0):
 garbage-first heap   total 157696K, used 104306K [0x0000000081c00000, 0x0000000100000000)
  region size 1024K, 92 young (94208K), 9 survivors (9216K)
 Metaspace       used 56342K, capacity 58088K, committed 58140K, reserved 1099776K
  class space    used 7375K, capacity 8064K, committed 8088K, reserved 1048576K
}
Event: 6.572 GC heap after
{Heap after GC invocations=11 (full 0):
 garbage-first heap   total 157696K, used 24117K [0x0000000081c00000, 0x0000000100000000)
  region size 1024K, 11 young (11264K), 11 survivors (11264K)
 Metaspace       used 56342K, capacity 58088K, committed 58140K, reserved 1099776K
  class space    used 7375K, capacity 8064K, committed 8088K, reserved 1048576K
}
Event: 6.988 GC heap before
{Heap before GC invocations=11 (full 0):
 garbage-first heap   total 157696K, used 47669K [0x0000000081c00000, 0x0000000100000000)
  region size 1024K, 35 young (35840K), 11 survivors (11264K)
 Metaspace       used 58700K, capacity 60504K, committed 60572K, reserved 1101824K
  class space    used 7705K, capacity 8425K, committed 8472K, reserved 1048576K
}

